PruebaFireBase/app/build/intermediates/manifest_merge_blame_file/debug/manifest-merger-blame-debug-report.txt
1<?xml version="1.0" encoding="utf-8"?>
2<manifest xmlns:android="http://schemas.android.com/apk/res/android"
3    package="com.example.pruebafirebase"
4    android:versionCode="1"
5    android:versionName="1.0" >
6
7    <uses-sdk
8        android:minSdkVersion="16"
8-->src\main\AndroidManifest.xml
9        android:targetSdkVersion="29" />
9-->src\main\AndroidManifest.xml
10
11    <!-- Although the *SdkVersion is captured in gradle build files, this is required for non gradle builds -->
12    <!-- <uses-sdk android:minSdkVersion="14"/> -->
13    <uses-permission android:name="android.permission.ACCESS_NETWORK_STATE" />
13-->[com.google.firebase:firebase-database:19.3.0] AndroidManifest.xml:25:5-79
13-->[com.google.firebase:firebase-database:19.3.0] AndroidManifest.xml:25:22-76
14    <uses-permission android:name="android.permission.INTERNET" />
14-->[com.google.firebase:firebase-database:19.3.0] AndroidManifest.xml:26:5-67
14-->[com.google.firebase:firebase-database:19.3.0] AndroidManifest.xml:26:22-64
15    <uses-permission android:name="android.permission.WAKE_LOCK" /> <!-- Required by older versions of Google Play services to create IID tokens -->
15-->[com.google.android.gms:play-services-measurement-api:17.4.1] AndroidManifest.xml:24:5-68
15-->[com.google.android.gms:play-services-measurement-api:17.4.1] AndroidManifest.xml:24:22-65
16    <uses-permission android:name="com.google.android.c2dm.permission.RECEIVE" />
16-->[com.google.firebase:firebase-iid:20.1.5] AndroidManifest.xml:26:5-82
16-->[com.google.firebase:firebase-iid:20.1.5] AndroidManifest.xml:26:22-79
17    <uses-permission android:name="com.google.android.finsky.permission.BIND_GET_INSTALL_REFERRER_SERVICE" />
17-->[com.google.android.gms:play-services-measurement:17.4.1] AndroidManifest.xml:26:5-110
17-->[com.google.android.gms:play-services-measurement:17.4.1] AndroidManifest.xml:26:22-107
18
19    <application
19-->src\main\AndroidManifest.xml:5:5-20:19
20        android:name="androidx.multidex.MultiDexApplication"
21        android:allowBackup="true"
21-->src\main\AndroidManifest.xml:6:9-35
22        android:appComponentFactory="androidx.core.app.CoreComponentFactory"
22-->[androidx.core:core:1.2.0] AndroidManifest.xml:24:18-86
23        android:debuggable="true"
24        android:icon="@mipmap/ic_launcher"
24-->src\main\AndroidManifest.xml:7:9-43
25        android:label="@string/app_name"
25-->src\main\AndroidManifest.xml:8:9-41
26        android:roundIcon="@mipmap/ic_launcher_round"
26-->src\main\AndroidManifest.xml:9:9-54
27        android:supportsRtl="true"
27-->src\main\AndroidManifest.xml:10:9-35
28        android:testOnly="true"
29        android:theme="@style/AppTheme" >
29-->src\main\AndroidManifest.xml:11:9-40
30        <activity android:name="com.example.pruebafirebase.MainActivity" >
30-->src\main\AndroidManifest.xml:13:9-19:20
30-->src\main\AndroidManifest.xml:13:19-47
31            <intent-filter>
31-->src\main\AndroidManifest.xml:14:13-18:29
32                <action android:name="android.intent.action.MAIN" />
32-->src\main\AndroidManifest.xml:15:17-69
32-->src\main\AndroidManifest.xml:15:25-66
33
34                <category android:name="android.intent.category.LAUNCHER" />
34-->src\main\AndroidManifest.xml:17:17-77
34-->src\main\AndroidManifest.xml:17:27-74
35            </intent-filter>
36        </activity>
37
38        <service
38-->[com.google.firebase:firebase-database:19.3.0] AndroidManifest.xml:29:9-35:19
39            android:name="com.google.firebase.components.ComponentDiscoveryService"
39-->[com.google.firebase:firebase-database:19.3.0] AndroidManifest.xml:30:13-84
40            android:directBootAware="true"
40-->[com.google.firebase:firebase-common:19.3.0] AndroidManifest.xml:34:13-43
41            android:exported="false" >
41-->[com.google.firebase:firebase-database:19.3.0] AndroidManifest.xml:31:13-37
42            <meta-data
42-->[com.google.firebase:firebase-database:19.3.0] AndroidManifest.xml:32:13-34:85
43                android:name="com.google.firebase.components:com.google.firebase.database.DatabaseRegistrar"
43-->[com.google.firebase:firebase-database:19.3.0] AndroidManifest.xml:33:17-109
44                android:value="com.google.firebase.components.ComponentRegistrar" />
44-->[com.google.firebase:firebase-database:19.3.0] AndroidManifest.xml:34:17-82
45            <meta-data
45-->[com.google.firebase:firebase-firestore:21.4.3] AndroidManifest.xml:20:13-22:85
46                android:name="com.google.firebase.components:com.google.firebase.firestore.FirestoreRegistrar"
46-->[com.google.firebase:firebase-firestore:21.4.3] AndroidManifest.xml:21:17-111
47                android:value="com.google.firebase.components.ComponentRegistrar" />
47-->[com.google.firebase:firebase-firestore:21.4.3] AndroidManifest.xml:22:17-82
48            <meta-data
48-->[com.google.android.gms:play-services-measurement-api:17.4.1] AndroidManifest.xml:30:13-32:85
49                android:name="com.google.firebase.components:com.google.firebase.analytics.connector.internal.AnalyticsConnectorRegistrar"
49-->[com.google.android.gms:play-services-measurement-api:17.4.1] AndroidManifest.xml:31:17-139
50                android:value="com.google.firebase.components.ComponentRegistrar" />
50-->[com.google.android.gms:play-services-measurement-api:17.4.1] AndroidManifest.xml:32:17-82
51            <meta-data
51-->[com.google.firebase:firebase-iid:20.1.5] AndroidManifest.xml:32:13-34:85
52                android:name="com.google.firebase.components:com.google.firebase.iid.Registrar"
52-->[com.google.firebase:firebase-iid:20.1.5] AndroidManifest.xml:33:17-96
53                android:value="com.google.firebase.components.ComponentRegistrar" />
53-->[com.google.firebase:firebase-iid:20.1.5] AndroidManifest.xml:34:17-82
54            <meta-data
54-->[com.google.firebase:firebase-installations:16.2.1] AndroidManifest.xml:17:13-19:85
55                android:name="com.google.firebase.components:com.google.firebase.installations.FirebaseInstallationsRegistrar"
55-->[com.google.firebase:firebase-installations:16.2.1] AndroidManifest.xml:18:17-127
56                android:value="com.google.firebase.components.ComponentRegistrar" />
56-->[com.google.firebase:firebase-installations:16.2.1] AndroidManifest.xml:19:17-82
57        </service>
58
59        <receiver
59-->[com.google.firebase:firebase-iid:20.1.5] AndroidManifest.xml:37:9-44:20
60            android:name="com.google.firebase.iid.FirebaseInstanceIdReceiver"
60-->[com.google.firebase:firebase-iid:20.1.5] AndroidManifest.xml:38:13-78
61            android:exported="true"
61-->[com.google.firebase:firebase-iid:20.1.5] AndroidManifest.xml:39:13-36
62            android:permission="com.google.android.c2dm.permission.SEND" >
62-->[com.google.firebase:firebase-iid:20.1.5] AndroidManifest.xml:40:13-73
63            <intent-filter>
63-->[com.google.firebase:firebase-iid:20.1.5] AndroidManifest.xml:41:13-43:29
64                <action android:name="com.google.android.c2dm.intent.RECEIVE" />
64-->[com.google.firebase:firebase-iid:20.1.5] AndroidManifest.xml:42:17-81
64-->[com.google.firebase:firebase-iid:20.1.5] AndroidManifest.xml:42:25-78
65            </intent-filter>
66        </receiver>
67
68        <activity
68-->[com.google.android.gms:play-services-base:17.0.0] AndroidManifest.xml:23:9-26:75
69            android:name="com.google.android.gms.common.api.GoogleApiActivity"
69-->[com.google.android.gms:play-services-base:17.0.0] AndroidManifest.xml:24:13-79
70            android:exported="false"
70-->[com.google.android.gms:play-services-base:17.0.0] AndroidManifest.xml:25:13-37
71            android:theme="@android:style/Theme.Translucent.NoTitleBar" />
71-->[com.google.android.gms:play-services-base:17.0.0] AndroidManifest.xml:26:13-72
72
73        <receiver
73-->[com.google.android.gms:play-services-measurement:17.4.1] AndroidManifest.xml:29:9-33:20
74            android:name="com.google.android.gms.measurement.AppMeasurementReceiver"
74-->[com.google.android.gms:play-services-measurement:17.4.1] AndroidManifest.xml:30:13-85
75            android:enabled="true"
75-->[com.google.android.gms:play-services-measurement:17.4.1] AndroidManifest.xml:31:13-35
76            android:exported="false" >
76-->[com.google.android.gms:play-services-measurement:17.4.1] AndroidManifest.xml:32:13-37
77        </receiver>
78
79        <service
79-->[com.google.android.gms:play-services-measurement:17.4.1] AndroidManifest.xml:35:9-38:40
80            android:name="com.google.android.gms.measurement.AppMeasurementService"
80-->[com.google.android.gms:play-services-measurement:17.4.1] AndroidManifest.xml:36:13-84
81            android:enabled="true"
81-->[com.google.android.gms:play-services-measurement:17.4.1] AndroidManifest.xml:37:13-35
82            android:exported="false" />
82-->[com.google.android.gms:play-services-measurement:17.4.1] AndroidManifest.xml:38:13-37
83        <service
83-->[com.google.android.gms:play-services-measurement:17.4.1] AndroidManifest.xml:39:9-43:72
84            android:name="com.google.android.gms.measurement.AppMeasurementJobService"
84-->[com.google.android.gms:play-services-measurement:17.4.1] AndroidManifest.xml:40:13-87
85            android:enabled="true"
85-->[com.google.android.gms:play-services-measurement:17.4.1] AndroidManifest.xml:41:13-35
86            android:exported="false"
86-->[com.google.android.gms:play-services-measurement:17.4.1] AndroidManifest.xml:42:13-37
87            android:permission="android.permission.BIND_JOB_SERVICE" />
87-->[com.google.android.gms:play-services-measurement:17.4.1] AndroidManifest.xml:43:13-69
88
89        <provider
89-->[com.google.firebase:firebase-common:19.3.0] AndroidManifest.xml:26:9-30:39
90            android:name="com.google.firebase.provider.FirebaseInitProvider"
90-->[com.google.firebase:firebase-common:19.3.0] AndroidManifest.xml:27:13-77
91            android:authorities="com.example.pruebafirebase.firebaseinitprovider"
91-->[com.google.firebase:firebase-common:19.3.0] AndroidManifest.xml:28:13-72
92            android:exported="false"
92-->[com.google.firebase:firebase-common:19.3.0] AndroidManifest.xml:29:13-37
93            android:initOrder="100" />
93-->[com.google.firebase:firebase-common:19.3.0] AndroidManifest.xml:30:13-36
94
95        <meta-data
95-->[com.google.android.gms:play-services-basement:17.0.0] AndroidManifest.xml:23:9-25:69
96            android:name="com.google.android.gms.version"
96-->[com.google.android.gms:play-services-basement:17.0.0] AndroidManifest.xml:24:13-58
97            android:value="@integer/google_play_services_version" />
97-->[com.google.android.gms:play-services-basement:17.0.0] AndroidManifest.xml:25:13-66
98    </application>
99
100</manifest>